<?xml version="1.0" encoding="UTF-8" ?>
<testsuite errors="3" failures="0" hostname="MacBook-Pro-51.local" name="Tests.testPath" skipped="0" tests="3" time="0.054" timestamp="2018-09-17T20:10:41">
  <properties>
    <property name="java.vendor" value="Oracle Corporation" />
    <property name="sun.java.launcher" value="SUN_STANDARD" />
    <property name="env.XPC_SERVICE_NAME" value="0" />
    <property name="sun.management.compiler" value="HotSpot 64-Bit Tiered Compilers" />
    <property name="env.SECURITYSESSIONID" value="186a8" />
    <property name="os.name" value="Mac OS X" />
    <property name="sun.boot.class.path" value="/Library/Java/JavaVirtualMachines/jdk1.8.0_151.jdk/Contents/Home/jre/lib/resources.jar:/Library/Java/JavaVirtualMachines/jdk1.8.0_151.jdk/Contents/Home/jre/lib/rt.jar:/Library/Java/JavaVirtualMachines/jdk1.8.0_151.jdk/Contents/Home/jre/lib/sunrsasign.jar:/Library/Java/JavaVirtualMachines/jdk1.8.0_151.jdk/Contents/Home/jre/lib/jsse.jar:/Library/Java/JavaVirtualMachines/jdk1.8.0_151.jdk/Contents/Home/jre/lib/jce.jar:/Library/Java/JavaVirtualMachines/jdk1.8.0_151.jdk/Contents/Home/jre/lib/charsets.jar:/Library/Java/JavaVirtualMachines/jdk1.8.0_151.jdk/Contents/Home/jre/lib/jfr.jar:/Library/Java/JavaVirtualMachines/jdk1.8.0_151.jdk/Contents/Home/jre/classes" />
    <property name="env.TMPDIR" value="/var/folders/qs/4818908d16x8n21ln2t5_4lr0000gn/T/" />
    <property name="env.PWD" value="/Users/pearsonfam1/Desktop/CS310/Project1" />
    <property name="env.LANG" value="en_US.UTF-8" />
    <property name="java.vm.specification.vendor" value="Oracle Corporation" />
    <property name="ant.home" value="/usr/local/Cellar/ant/1.10.5/libexec" />
    <property name="java.runtime.version" value="1.8.0_151-b12" />
    <property name="env.Apple_PubSub_Socket_Render" value="/private/tmp/com.apple.launchd.O8ksZIV5KT/Render" />
    <property name="user.name" value="pearsonfam1" />
    <property name="env.USER" value="pearsonfam1" />
    <property name="env.SHELL" value="/bin/bash" />
    <property name="env.__CF_USER_TEXT_ENCODING" value="0x1F5:0x0:0x0" />
    <property name="build.dir" value="/Users/pearsonfam1/Desktop/CS310/Project1/bin" />
    <property name="env.PATH" value="/usr/local/bin:/usr/bin:/bin:/usr/sbin:/sbin" />
    <property name="user.language" value="en" />
    <property name="sun.boot.library.path" value="/Library/Java/JavaVirtualMachines/jdk1.8.0_151.jdk/Contents/Home/jre/lib" />
    <property name="ant.project.default-target" value="compile" />
    <property name="env.XPC_FLAGS" value="0x0" />
    <property name="doc.dir" value="/Users/pearsonfam1/Desktop/CS310/Project1/doc" />
    <property name="ant.project.name" value="Project1" />
    <property name="java.version" value="1.8.0_151" />
    <property name="user.timezone" value="" />
    <property name="ant.file.Project1" value="/Users/pearsonfam1/Desktop/CS310/Project1/build.xml" />
    <property name="sun.arch.data.model" value="64" />
    <property name="http.nonProxyHosts" value="local|*.local|169.254/16|*.169.254/16" />
    <property name="java.endorsed.dirs" value="/Library/Java/JavaVirtualMachines/jdk1.8.0_151.jdk/Contents/Home/jre/lib/endorsed" />
    <property name="sun.cpu.isalist" value="" />
    <property name="sun.jnu.encoding" value="UTF-8" />
    <property name="file.encoding.pkg" value="sun.io" />
    <property name="env.SHLVL" value="2" />
    <property name="file.separator" value="/" />
    <property name="java.specification.name" value="Java Platform API Specification" />
    <property name="java.class.version" value="52.0" />
    <property name="user.country" value="US" />
    <property name="java.home" value="/Library/Java/JavaVirtualMachines/jdk1.8.0_151.jdk/Contents/Home/jre" />
    <property name="dist.dir" value="/Users/pearsonfam1/Desktop/CS310/Project1/dist" />
    <property name="java.vm.info" value="mixed mode" />
    <property name="env.LOGNAME" value="pearsonfam1" />
    <property name="ant.file" value="/Users/pearsonfam1/Desktop/CS310/Project1/build.xml" />
    <property name="os.version" value="10.13.2" />
    <property name="env.TERM_PROGRAM_VERSION" value="400" />
    <property name="path.separator" value=":" />
    <property name="java.vm.version" value="25.151-b12" />
    <property name="ant.library.dir" value="/usr/local/Cellar/ant/1.10.5/libexec/lib" />
    <property name="junit.output.dir" value="junit" />
    <property name="java.awt.printerjob" value="sun.lwawt.macosx.CPrinterJob" />
    <property name="env.TERM" value="xterm-256color" />
    <property name="sun.io.unicode.encoding" value="UnicodeBig" />
    <property name="awt.toolkit" value="sun.lwawt.macosx.LWCToolkit" />
    <property name="socksNonProxyHosts" value="local|*.local|169.254/16|*.169.254/16" />
    <property name="ftp.nonProxyHosts" value="local|*.local|169.254/16|*.169.254/16" />
    <property name="user.home" value="/Users/pearsonfam1" />
    <property name="java.specification.vendor" value="Oracle Corporation" />
    <property name="env.TERM_PROGRAM" value="Apple_Terminal" />
    <property name="java.library.path" value="/Users/pearsonfam1/Library/Java/Extensions:/Library/Java/Extensions:/Network/Library/Java/Extensions:/System/Library/Java/Extensions:/usr/lib/java:." />
    <property name="java.vendor.url" value="http://java.oracle.com/" />
    <property name="java.vm.vendor" value="Oracle Corporation" />
    <property name="gopherProxySet" value="false" />
    <property name="java.runtime.name" value="Java(TM) SE Runtime Environment" />
    <property name="sun.java.command" value="org.apache.tools.ant.taskdefs.optional.junit.JUnitTestRunner Tests.testPath skipNonTests=false filtertrace=true haltOnError=false haltOnFailure=false formatter=org.apache.tools.ant.taskdefs.optional.junit.OutErrSummaryJUnitResultFormatter showoutput=false outputtoformatters=true logfailedtests=true threadid=0 logtestlistenerevents=false formatter=org.apache.tools.ant.taskdefs.optional.junit.XMLJUnitResultFormatter,/Users/pearsonfam1/Desktop/CS310/Project1/junit/TEST-Tests.testPath.xml crashfile=/Users/pearsonfam1/Desktop/CS310/Project1/junitvmwatcher4288530844271724376.properties propsfile=/Users/pearsonfam1/Desktop/CS310/Project1/junit504854713423493216.properties" />
    <property name="java.class.path" value="/Users/pearsonfam1/Desktop/CS310/Project1/bin:/Users/pearsonfam1/.p2/pool/plugins/org.junit.jupiter.api_5.0.0.v20170910-2246.jar:/Users/pearsonfam1/.p2/pool/plugins/org.junit.jupiter.engine_5.0.0.v20170910-2246.jar:/Users/pearsonfam1/.p2/pool/plugins/org.junit.jupiter.migrationsupport_5.0.0.v20170910-2246.jar:/Users/pearsonfam1/.p2/pool/plugins/org.junit.jupiter.params_5.0.0.v20170910-2246.jar:/Users/pearsonfam1/.p2/pool/plugins/org.junit.platform.commons_1.0.0.v20170910-2246.jar:/Users/pearsonfam1/.p2/pool/plugins/org.junit.platform.engine_1.0.0.v20170910-2246.jar:/Users/pearsonfam1/.p2/pool/plugins/org.junit.platform.launcher_1.0.0.v20170910-2246.jar:/Users/pearsonfam1/.p2/pool/plugins/org.junit.platform.runner_1.0.0.v20170910-2246.jar:/Users/pearsonfam1/.p2/pool/plugins/org.junit.platform.suite.api_1.0.0.v20170910-2246.jar:/Users/pearsonfam1/.p2/pool/plugins/org.junit.vintage.engine_4.12.0.v20170910-2246.jar:/Users/pearsonfam1/.p2/pool/plugins/org.opentest4j_1.0.0.v20170910-2246.jar:/Users/pearsonfam1/.p2/pool/plugins/org.apiguardian_1.0.0.v20170910-2246.jar:/Users/pearsonfam1/.p2/pool/plugins/org.junit_4.12.0.v201504281640/junit.jar:/Users/pearsonfam1/.p2/pool/plugins/org.hamcrest.core_1.3.0.v201303031735.jar:/usr/local/Cellar/ant/1.10.5/libexec/lib/ant-launcher.jar:/usr/local/Cellar/ant/1.10.5/libexec/lib/ant.jar:/usr/local/Cellar/ant/1.10.5/libexec/lib/ant-junit.jar:/usr/local/Cellar/ant/1.10.5/libexec/lib/ant-junit4.jar" />
    <property name="ant.version" value="Apache Ant(TM) version 1.10.5 compiled on July 10 2018" />
    <property name="env.TERM_SESSION_ID" value="80DED352-7984-4748-8DDE-4DF68BEBA984" />
    <property name="java.vm.specification.name" value="Java Virtual Machine Specification" />
    <property name="ant.file.type" value="file" />
    <property name="java.vm.specification.version" value="1.8" />
    <property name="sun.os.patch.level" value="unknown" />
    <property name="sun.cpu.endian" value="little" />
    <property name="env.HOME" value="/Users/pearsonfam1" />
    <property name="java.io.tmpdir" value="/var/folders/qs/4818908d16x8n21ln2t5_4lr0000gn/T/" />
    <property name="java.vendor.url.bug" value="http://bugreport.sun.com/bugreport/" />
    <property name="env.SSH_AUTH_SOCK" value="/private/tmp/com.apple.launchd.La1jlR4Rey/Listeners" />
    <property name="java.awt.graphicsenv" value="sun.awt.CGraphicsEnvironment" />
    <property name="os.arch" value="x86_64" />
    <property name="java.ext.dirs" value="/Users/pearsonfam1/Library/Java/Extensions:/Library/Java/JavaVirtualMachines/jdk1.8.0_151.jdk/Contents/Home/jre/lib/ext:/Library/Java/Extensions:/Network/Library/Java/Extensions:/System/Library/Java/Extensions:/usr/lib/java" />
    <property name="user.dir" value="/Users/pearsonfam1/Desktop/CS310/Project1" />
    <property name="line.separator" value="&#xa;" />
    <property name="java.vm.name" value="Java HotSpot(TM) 64-Bit Server VM" />
    <property name="basedir" value="/Users/pearsonfam1/Desktop/CS310/Project1" />
    <property name="ant.java.version" value="1.8" />
    <property name="env.JAVA_MAIN_CLASS_18368" value="org.apache.tools.ant.launch.Launcher" />
    <property name="ant.core.lib" value="/usr/local/Cellar/ant/1.10.5/libexec/lib/ant.jar" />
    <property name="file.encoding" value="UTF-8" />
    <property name="source.dir" value="/Users/pearsonfam1/Desktop/CS310/Project1/src/CS310" />
    <property name="ant.file.type.Project1" value="file" />
    <property name="java.specification.version" value="1.8" />
    <property name="ant.project.invoked-targets" value="test" />
  </properties>
  <testcase classname="Tests.testPath" name="initializationError" time="0.001">
    <error message="The class Tests.testPath is not public." type="java.lang.Exception">java.lang.Exception: The class Tests.testPath is not public.
	at java.lang.reflect.Constructor.newInstance(Constructor.java:423)
</error>
    <error message="Test class should have exactly one public constructor" type="java.lang.Exception">java.lang.Exception: Test class should have exactly one public constructor
	at java.lang.reflect.Constructor.newInstance(Constructor.java:423)
</error>
    <error message="No runnable methods" type="java.lang.Exception">java.lang.Exception: No runnable methods
	at java.lang.reflect.Constructor.newInstance(Constructor.java:423)
</error>
  </testcase>
  <system-out><![CDATA[]]></system-out>
  <system-err><![CDATA[]]></system-err>
</testsuite>
